#
# A fatal error has been detected by the Java Runtime Environment:
#
#  EXCEPTION_ACCESS_VIOLATION (0xc0000005) at pc=0x0000000069fe88c9, pid=5268, tid=5592
#
# JRE version: Java(TM) SE Runtime Environment (8.0_91-b14) (build 1.8.0_91-b14)
# Java VM: Java HotSpot(TM) 64-Bit Server VM (25.91-b14 mixed mode windows-amd64 compressed oops)
# Problematic frame:
# V  [jvm.dll+0x1288c9]
#
# Failed to write core dump. Minidumps are not enabled by default on client versions of Windows
#
# If you would like to submit a bug report, please visit:
#   http://bugreport.java.com/bugreport/crash.jsp
#

---------------  T H R E A D  ---------------

Current thread (0x00000000566d6000):  JavaThread "C2 CompilerThread1" daemon [_thread_in_vm, id=5592, stack(0x0000000056c20000,0x0000000056d20000)]

siginfo: ExceptionCode=0xc0000005, ExceptionInformation=0x0000000000000003 0x0000000000000000

Registers:
RAX=0x000000005e8db500, RBX=0x0000000002193840, RCX=0x006e0cc141d60000, RDX=0x0000000000000000
RSP=0x0000000056d1cc90, RBP=0x00010000021bdeb0, RSI=0x00000000552a7560, RDI=0x0000000000000000
R8 =0x0000000000000013, R9 =0x0000000000000013, R10=0x000000000000002b, R11=0x000000005e8db500
R12=0x000000000219a3a0, R13=0x000000000219a3a0, R14=0x00010000021bdeb0, R15=0x000000005e8db500
RIP=0x0000000069fe88c9, EFLAGS=0x0000000000010202

Top of Stack: (sp=0x0000000056d1cc90)
0x0000000056d1cc90:   000000000219a3a0 0000000069f7cf8f
0x0000000056d1cca0:   0000000056d1d030 0000000000000000
0x0000000056d1ccb0:   00010000021bdeb0 00000000566d6000
0x0000000056d1ccc0:   000000000219a3a0 0000000069f7d537
0x0000000056d1ccd0:   0000000002193840 000000005e8d61b0
0x0000000056d1cce0:   00000000552a7560 0000000000000000
0x0000000056d1ccf0:   000000001490d448 0000000000000000
0x0000000056d1cd00:   0000000000000000 00000000566d6000
0x0000000056d1cd10:   000000005e6f0768 0000000000000000
0x0000000056d1cd20:   00000000000083b0 000000005e8de198
0x0000000056d1cd30:   00000000575919d8 0000000000000004
0x0000000056d1cd40:   0000000056702b90 0000000000000020
0x0000000056d1cd50:   000000005e6f04d0 000000006a318bfa
0x0000000056d1cd60:   0000000000000030 000000006a3c6d97
0x0000000056d1cd70:   0000000000000000 000000006a3af7a5
0x0000000056d1cd80:   0000000056d1d2d0 000000006a3a69c6 

Instructions: (pc=0x0000000069fe88c9)
0x0000000069fe88a9:   10 48 89 74 24 18 48 89 7c 24 20 41 54 41 55 41
0x0000000069fe88b9:   56 48 83 ec 20 4d 8b e8 48 8b ea e8 37 bb ff ff
0x0000000069fe88c9:   44 0f b7 75 00 45 0f b7 65 00 48 83 c9 ff 48 8b
0x0000000069fe88d9:   d8 33 c0 45 03 e6 48 8b fb f2 ae 48 f7 d1 44 03 


Register to memory mapping:

RAX=0x000000005e8db500 is an unknown value
RBX=0x0000000002193840 is an unknown value
RCX=0x006e0cc141d60000 is an unknown value
RDX=0x0000000000000000 is an unknown value
RSP=0x0000000056d1cc90 is pointing into the stack for thread: 0x00000000566d6000
RBP=0x00010000021bdeb0 is an unknown value
RSI=0x00000000552a7560 is an unknown value
RDI=0x0000000000000000 is an unknown value
R8 =0x0000000000000013 is an unknown value
R9 =0x0000000000000013 is an unknown value
R10=0x000000000000002b is an unknown value
R11=0x000000005e8db500 is an unknown value
R12=0x000000000219a3a0 is an unknown value
R13=0x000000000219a3a0 is an unknown value
R14=0x00010000021bdeb0 is an unknown value
R15=0x000000005e8db500 is an unknown value


Stack: [0x0000000056c20000,0x0000000056d20000],  sp=0x0000000056d1cc90,  free space=1011k
Native frames: (J=compiled Java code, j=interpreted, Vv=VM code, C=native code)
V  [jvm.dll+0x1288c9]
V  [jvm.dll+0xbd537]
V  [jvm.dll+0xbe550]
V  [jvm.dll+0xbfe74]
V  [jvm.dll+0xc16ee]
V  [jvm.dll+0x2fb01]
V  [jvm.dll+0x2ff8b]
V  [jvm.dll+0x300ea]
V  [jvm.dll+0x478cd]
V  [jvm.dll+0x4a2c0]
V  [jvm.dll+0x4ba75]
V  [jvm.dll+0x4ccda]
V  [jvm.dll+0x4dbdc]
V  [jvm.dll+0x4dfeb]
V  [jvm.dll+0x4e10e]
V  [jvm.dll+0x37cde]
V  [jvm.dll+0x4539ae]
V  [jvm.dll+0x454842]
V  [jvm.dll+0x47909c]
V  [jvm.dll+0x47ab13]
V  [jvm.dll+0x502db7]
V  [jvm.dll+0x4fb937]
V  [jvm.dll+0x4fbcb9]
V  [jvm.dll+0x4fc24f]
V  [jvm.dll+0x455bf0]
V  [jvm.dll+0x4718e5]
V  [jvm.dll+0x454ce2]
V  [jvm.dll+0xa4be2]
V  [jvm.dll+0xa551f]
V  [jvm.dll+0x243ae4]
V  [jvm.dll+0x29a99a]
C  [msvcr100.dll+0x21d9f]
C  [msvcr100.dll+0x21e3b]
C  [kernel32.dll+0x159cd]
C  [ntdll.dll+0x5383d]


Current CompileTask:
C2:   8841 2596       4       java.net.URI$Parser::scan (73 bytes)


---------------  P R O C E S S  ---------------

Java Threads: ( => current thread )
  0x0000000058009800 JavaThread "Cache worker for Artifact transforms cache (C:\Users\Lenovo\.gradle\caches\transforms-1)" [_thread_blocked, id=4564, stack(0x000000005ea20000,0x000000005eb20000)]
  0x0000000058008000 JavaThread "File lock request listener" [_thread_in_native, id=4916, stack(0x000000005ae30000,0x000000005af30000)]
  0x0000000058007000 JavaThread "Cache worker for file hash cache (C:\Users\Lenovo\.gradle\caches\3.5\fileHashes)" [_thread_blocked, id=4960, stack(0x000000005acb0000,0x000000005adb0000)]
  0x0000000058332800 JavaThread "Stdin handler" [_thread_blocked, id=3900, stack(0x000000005ab40000,0x000000005ac40000)]
  0x00000000580f7800 JavaThread "Asynchronous log dispatcher for DefaultDaemonConnection: socket connection from /127.0.0.1:50561 to /127.0.0.1:50562" [_thread_blocked, id=4756, stack(0x000000005a670000,0x000000005a770000)]
  0x00000000580f4000 JavaThread "Daemon worker" [_thread_blocked, id=5244, stack(0x000000005a8d0000,0x000000005a9d0000)]
  0x00000000580e1000 JavaThread "Cancel handler" [_thread_blocked, id=5404, stack(0x000000005a770000,0x000000005a870000)]
  0x0000000057e34000 JavaThread "Handler for socket connection from /127.0.0.1:50561 to /127.0.0.1:50562" [_thread_in_native, id=5460, stack(0x000000005a2c0000,0x000000005a3c0000)]
  0x0000000057e33800 JavaThread "Daemon" [_thread_blocked, id=5832, stack(0x0000000059990000,0x0000000059a90000)]
  0x0000000057fc6000 JavaThread "Daemon periodic checks" [_thread_blocked, id=2564, stack(0x000000005a150000,0x000000005a250000)]
  0x0000000058288000 JavaThread "Incoming local TCP Connector on port 50561" [_thread_in_native, id=5764, stack(0x0000000059f80000,0x000000005a080000)]
  0x0000000057ffe800 JavaThread "Daemon health stats" [_thread_blocked, id=1368, stack(0x0000000059b30000,0x0000000059c30000)]
  0x000000005675c000 JavaThread "Service Thread" daemon [_thread_blocked, id=5492, stack(0x0000000056ea0000,0x0000000056fa0000)]
  0x00000000566d7800 JavaThread "C1 CompilerThread2" daemon [_thread_blocked, id=3584, stack(0x0000000056fb0000,0x00000000570b0000)]
=>0x00000000566d6000 JavaThread "C2 CompilerThread1" daemon [_thread_in_vm, id=5592, stack(0x0000000056c20000,0x0000000056d20000)]
  0x00000000552be000 JavaThread "C2 CompilerThread0" daemon [_thread_blocked, id=1068, stack(0x0000000056d40000,0x0000000056e40000)]
  0x00000000552ba000 JavaThread "Attach Listener" daemon [_thread_blocked, id=5672, stack(0x0000000056230000,0x0000000056330000)]
  0x00000000552b9000 JavaThread "Signal Dispatcher" daemon [_thread_blocked, id=5652, stack(0x0000000056af0000,0x0000000056bf0000)]
  0x000000005529e800 JavaThread "Finalizer" daemon [_thread_blocked, id=4908, stack(0x00000000565d0000,0x00000000566d0000)]
  0x0000000055257800 JavaThread "Reference Handler" daemon [_thread_blocked, id=1548, stack(0x0000000056360000,0x0000000056460000)]
  0x000000000214c000 JavaThread "main" [_thread_blocked, id=1424, stack(0x0000000002490000,0x0000000002590000)]

Other Threads:
  0x000000005524f800 VMThread [stack: 0x0000000056120000,0x0000000056220000] [id=5624]
  0x0000000056767000 WatcherThread [stack: 0x00000000570c0000,0x00000000571c0000] [id=5400]

VM state:synchronizing (normal execution)

VM Mutex/Monitor currently owned by a thread:  ([mutex/lock_event])
[0x0000000002149a00] Threads_lock - owner thread: 0x000000005524f800

Heap:
 PSYoungGen      total 72704K, used 41233K [0x00000000eab00000, 0x00000000f2a80000, 0x0000000100000000)
  eden space 64000K, 53% used [0x00000000eab00000,0x00000000eccac170,0x00000000ee980000)
  from space 8704K, 77% used [0x00000000ee980000,0x00000000ef018448,0x00000000ef200000)
  to   space 9216K, 0% used [0x00000000f2180000,0x00000000f2180000,0x00000000f2a80000)
 ParOldGen       total 34304K, used 9145K [0x00000000c0000000, 0x00000000c2180000, 0x00000000eab00000)
  object space 34304K, 26% used [0x00000000c0000000,0x00000000c08ee7e8,0x00000000c2180000)
 Metaspace       used 28532K, capacity 29014K, committed 29312K, reserved 1075200K
  class space    used 3982K, capacity 4158K, committed 4224K, reserved 1048576K

Card table byte_map: [0x0000000011c20000,0x0000000011e30000] byte_map_base: 0x0000000011620000

Marking Bits: (ParMarkBitMap*) 0x000000006a6d2f70
 Begin Bits: [0x00000000126c0000, 0x00000000136c0000)
 End Bits:   [0x00000000136c0000, 0x00000000146c0000)

Polling page: 0x00000000004c0000

CodeCache: size=245760Kb used=10277Kb max_used=10277Kb free=235482Kb
 bounds [0x0000000002860000, 0x0000000003270000, 0x0000000011860000]
 total_blobs=3281 nmethods=2622 adapters=571
 compilation: enabled

Compilation events (10 events):
Event: 8.657 Thread 0x00000000566d7800 2614       3       java.io.BufferedInputStream::fill (233 bytes)
Event: 8.659 Thread 0x00000000566d7800 nmethod 2614 0x0000000003269e50 code [0x000000000326a080, 0x000000000326ac18]
Event: 8.660 Thread 0x00000000566d7800 2616       3       com.esotericsoftware.kryo.io.Input::readUtf8 (90 bytes)
Event: 8.663 Thread 0x00000000566d7800 nmethod 2616 0x000000000326b010 code [0x000000000326b1a0, 0x000000000326b5d8]
Event: 8.663 Thread 0x00000000566d7800 2617       1       org.gradle.internal.component.external.model.AbstractMutableModuleComponentResolveMetadata::getId (5 bytes)
Event: 8.664 Thread 0x00000000566d7800 nmethod 2617 0x000000000326b850 code [0x000000000326b9a0, 0x000000000326bab0]
Event: 8.664 Thread 0x00000000566d7800 2618       3       org.gradle.internal.resolve.result.DefaultBuildableModuleComponentMetaDataResolveResult::assertResolved (36 bytes)
Event: 8.664 Thread 0x00000000566d7800 nmethod 2618 0x000000000326bb10 code [0x000000000326bc80, 0x000000000326bf48]
Event: 8.666 Thread 0x00000000566d7800 2619  s    3       java.lang.StringBuffer::append (16 bytes)
Event: 8.666 Thread 0x00000000566d7800 nmethod 2619 0x000000000326c050 code [0x000000000326c1e0, 0x000000000326c658]

GC Heap History (10 events):
Event: 2.451 GC heap before
{Heap before GC invocations=4 (full 0):
 PSYoungGen      total 18944K, used 18912K [0x00000000eab00000, 0x00000000ed000000, 0x0000000100000000)
  eden space 16384K, 100% used [0x00000000eab00000,0x00000000ebb00000,0x00000000ebb00000)
  from space 2560K, 98% used [0x00000000ebb00000,0x00000000ebd78040,0x00000000ebd80000)
  to   space 2560K, 0% used [0x00000000ecd80000,0x00000000ecd80000,0x00000000ed000000)
 ParOldGen       total 44032K, used 1752K [0x00000000c0000000, 0x00000000c2b00000, 0x00000000eab00000)
  object space 44032K, 3% used [0x00000000c0000000,0x00000000c01b6348,0x00000000c2b00000)
 Metaspace       used 12233K, capacity 12488K, committed 12544K, reserved 1060864K
  class space    used 1683K, capacity 1768K, committed 1792K, reserved 1048576K
Event: 2.502 GC heap after
Heap after GC invocations=4 (full 0):
 PSYoungGen      total 35328K, used 2528K [0x00000000eab00000, 0x00000000ed000000, 0x0000000100000000)
  eden space 32768K, 0% used [0x00000000eab00000,0x00000000eab00000,0x00000000ecb00000)
  from space 2560K, 98% used [0x00000000ecd80000,0x00000000ecff8020,0x00000000ed000000)
  to   space 2560K, 0% used [0x00000000ecb00000,0x00000000ecb00000,0x00000000ecd80000)
 ParOldGen       total 44032K, used 4048K [0x00000000c0000000, 0x00000000c2b00000, 0x00000000eab00000)
  object space 44032K, 9% used [0x00000000c0000000,0x00000000c03f42c8,0x00000000c2b00000)
 Metaspace       used 12233K, capacity 12488K, committed 12544K, reserved 1060864K
  class space    used 1683K, capacity 1768K, committed 1792K, reserved 1048576K
}
Event: 3.642 GC heap before
{Heap before GC invocations=5 (full 0):
 PSYoungGen      total 35328K, used 35296K [0x00000000eab00000, 0x00000000ed000000, 0x0000000100000000)
  eden space 32768K, 100% used [0x00000000eab00000,0x00000000ecb00000,0x00000000ecb00000)
  from space 2560K, 98% used [0x00000000ecd80000,0x00000000ecff8020,0x00000000ed000000)
  to   space 2560K, 0% used [0x00000000ecb00000,0x00000000ecb00000,0x00000000ecd80000)
 ParOldGen       total 44032K, used 4048K [0x00000000c0000000, 0x00000000c2b00000, 0x00000000eab00000)
  object space 44032K, 9% used [0x00000000c0000000,0x00000000c03f42c8,0x00000000c2b00000)
 Metaspace       used 15644K, capacity 16014K, committed 16256K, reserved 1062912K
  class space    used 2239K, capacity 2345K, committed 2432K, reserved 1048576K
Event: 3.910 GC heap after
Heap after GC invocations=5 (full 0):
 PSYoungGen      total 35328K, used 2528K [0x00000000eab00000, 0x00000000ef900000, 0x0000000100000000)
  eden space 32768K, 0% used [0x00000000eab00000,0x00000000eab00000,0x00000000ecb00000)
  from space 2560K, 98% used [0x00000000ecb00000,0x00000000ecd78020,0x00000000ecd80000)
  to   space 7168K, 0% used [0x00000000ef200000,0x00000000ef200000,0x00000000ef900000)
 ParOldGen       total 44032K, used 8293K [0x00000000c0000000, 0x00000000c2b00000, 0x00000000eab00000)
  object space 44032K, 18% used [0x00000000c0000000,0x00000000c0819690,0x00000000c2b00000)
 Metaspace       used 15644K, capacity 16014K, committed 16256K, reserved 1062912K
  class space    used 2239K, capacity 2345K, committed 2432K, reserved 1048576K
}
Event: 5.080 GC heap before
{Heap before GC invocations=6 (full 0):
 PSYoungGen      total 35328K, used 33742K [0x00000000eab00000, 0x00000000ef900000, 0x0000000100000000)
  eden space 32768K, 95% used [0x00000000eab00000,0x00000000ec97b870,0x00000000ecb00000)
  from space 2560K, 98% used [0x00000000ecb00000,0x00000000ecd78020,0x00000000ecd80000)
  to   space 7168K, 0% used [0x00000000ef200000,0x00000000ef200000,0x00000000ef900000)
 ParOldGen       total 44032K, used 8293K [0x00000000c0000000, 0x00000000c2b00000, 0x00000000eab00000)
  object space 44032K, 18% used [0x00000000c0000000,0x00000000c0819690,0x00000000c2b00000)
 Metaspace       used 20855K, capacity 21134K, committed 21248K, reserved 1067008K
  class space    used 2938K, capacity 3049K, committed 3072K, reserved 1048576K
Event: 5.106 GC heap after
Heap after GC invocations=6 (full 0):
 PSYoungGen      total 71168K, used 7138K [0x00000000eab00000, 0x00000000efc00000, 0x0000000100000000)
  eden space 64000K, 0% used [0x00000000eab00000,0x00000000eab00000,0x00000000ee980000)
  from space 7168K, 99% used [0x00000000ef200000,0x00000000ef8f8800,0x00000000ef900000)
  to   space 8704K, 0% used [0x00000000ee980000,0x00000000ee980000,0x00000000ef200000)
 ParOldGen       total 44032K, used 8721K [0x00000000c0000000, 0x00000000c2b00000, 0x00000000eab00000)
  object space 44032K, 19% used [0x00000000c0000000,0x00000000c08847c8,0x00000000c2b00000)
 Metaspace       used 20855K, capacity 21134K, committed 21248K, reserved 1067008K
  class space    used 2938K, capacity 3049K, committed 3072K, reserved 1048576K
}
Event: 5.107 GC heap before
{Heap before GC invocations=7 (full 1):
 PSYoungGen      total 71168K, used 7138K [0x00000000eab00000, 0x00000000efc00000, 0x0000000100000000)
  eden space 64000K, 0% used [0x00000000eab00000,0x00000000eab00000,0x00000000ee980000)
  from space 7168K, 99% used [0x00000000ef200000,0x00000000ef8f8800,0x00000000ef900000)
  to   space 8704K, 0% used [0x00000000ee980000,0x00000000ee980000,0x00000000ef200000)
 ParOldGen       total 44032K, used 8721K [0x00000000c0000000, 0x00000000c2b00000, 0x00000000eab00000)
  object space 44032K, 19% used [0x00000000c0000000,0x00000000c08847c8,0x00000000c2b00000)
 Metaspace       used 20855K, capacity 21134K, committed 21248K, reserved 1067008K
  class space    used 2938K, capacity 3049K, committed 3072K, reserved 1048576K
Event: 5.185 GC heap after
Heap after GC invocations=7 (full 1):
 PSYoungGen      total 71168K, used 0K [0x00000000eab00000, 0x00000000efc00000, 0x0000000100000000)
  eden space 64000K, 0% used [0x00000000eab00000,0x00000000eab00000,0x00000000ee980000)
  from space 7168K, 0% used [0x00000000ef200000,0x00000000ef200000,0x00000000ef900000)
  to   space 8704K, 0% used [0x00000000ee980000,0x00000000ee980000,0x00000000ef200000)
 ParOldGen       total 34304K, used 9137K [0x00000000c0000000, 0x00000000c2180000, 0x00000000eab00000)
  object space 34304K, 26% used [0x00000000c0000000,0x00000000c08ec7e8,0x00000000c2180000)
 Metaspace       used 20855K, capacity 21134K, committed 21248K, reserved 1067008K
  class space    used 2938K, capacity 3049K, committed 3072K, reserved 1048576K
}
Event: 7.433 GC heap before
{Heap before GC invocations=8 (full 1):
 PSYoungGen      total 71168K, used 64000K [0x00000000eab00000, 0x00000000efc00000, 0x0000000100000000)
  eden space 64000K, 100% used [0x00000000eab00000,0x00000000ee980000,0x00000000ee980000)
  from space 7168K, 0% used [0x00000000ef200000,0x00000000ef200000,0x00000000ef900000)
  to   space 8704K, 0% used [0x00000000ee980000,0x00000000ee980000,0x00000000ef200000)
 ParOldGen       total 34304K, used 9137K [0x00000000c0000000, 0x00000000c2180000, 0x00000000eab00000)
  object space 34304K, 26% used [0x00000000c0000000,0x00000000c08ec7e8,0x00000000c2180000)
 Metaspace       used 25675K, capacity 26066K, committed 26368K, reserved 1071104K
  class space    used 3637K, capacity 3770K, committed 3840K, reserved 1048576K
Event: 7.483 GC heap after
Heap after GC invocations=8 (full 1):
 PSYoungGen      total 72704K, used 6753K [0x00000000eab00000, 0x00000000f2a80000, 0x0000000100000000)
  eden space 64000K, 0% used [0x00000000eab00000,0x00000000eab00000,0x00000000ee980000)
  from space 8704K, 77% used [0x00000000ee980000,0x00000000ef018448,0x00000000ef200000)
  to   space 9216K, 0% used [0x00000000f2180000,0x00000000f2180000,0x00000000f2a80000)
 ParOldGen       total 34304K, used 9145K [0x00000000c0000000, 0x00000000c2180000, 0x00000000eab00000)
  object space 34304K, 26% used [0x00000000c0000000,0x00000000c08ee7e8,0x00000000c2180000)
 Metaspace       used 25675K, capacity 26066K, committed 26368K, reserved 1071104K
  class space    used 3637K, capacity 3770K, committed 3840K, reserved 1048576K
}

Deoptimization events (10 events):
Event: 5.923 Thread 0x00000000580f4000 Uncommon trap: reason=class_check action=maybe_recompile pc=0x0000000002a35824 method=sun.misc.URLClassPath.getLoader(I)Lsun/misc/URLClassPath$Loader; @ 193
Event: 5.933 Thread 0x00000000580f4000 Uncommon trap: reason=class_check action=maybe_recompile pc=0x0000000002a35824 method=sun.misc.URLClassPath.getLoader(I)Lsun/misc/URLClassPath$Loader; @ 193
Event: 6.272 Thread 0x00000000580f4000 Uncommon trap: reason=class_check action=maybe_recompile pc=0x0000000002a28b88 method=sun.misc.URLClassPath.getLoader(I)Lsun/misc/URLClassPath$Loader; @ 193
Event: 7.277 Thread 0x00000000580f4000 Uncommon trap: reason=unstable_if action=reinterpret pc=0x00000000030064a8 method=java.net.URLClassLoader.isSealed(Ljava/lang/String;Ljava/util/jar/Manifest;)Z @ 26
Event: 7.713 Thread 0x00000000580f4000 Uncommon trap: reason=unstable_if action=reinterpret pc=0x0000000002d86c50 method=java.lang.AbstractStringBuilder.append(Ljava/lang/String;)Ljava/lang/AbstractStringBuilder; @ 1
Event: 7.732 Thread 0x00000000580f4000 Uncommon trap: reason=unstable_if action=reinterpret pc=0x000000000303db74 method=java.net.URLClassLoader.isSealed(Ljava/lang/String;Ljava/util/jar/Manifest;)Z @ 26
Event: 8.127 Thread 0x00000000580f4000 Uncommon trap: reason=unstable_if action=reinterpret pc=0x000000000311a380 method=com.sun.org.apache.xerces.internal.impl.XMLEntityScanner.scanContent(Lcom/sun/org/apache/xerces/internal/xni/XMLString;)I @ 118
Event: 8.132 Thread 0x00000000580f4000 Uncommon trap: reason=unstable_if action=reinterpret pc=0x000000000310f628 method=com.sun.org.apache.xerces.internal.impl.XMLEntityScanner.peekChar()I @ 14
Event: 8.489 Thread 0x00000000580f4000 Uncommon trap: reason=unstable_if action=reinterpret pc=0x0000000003203558 method=com.sun.org.apache.xerces.internal.impl.XMLDocumentFragmentScannerImpl$FragmentContentDriver.next()I @ 962
Event: 8.656 Thread 0x00000000580f4000 Uncommon trap: reason=unstable_if action=reinterpret pc=0x0000000003258634 method=com.esotericsoftware.kryo.io.Input.readUtf8(I)V @ 48

Internal exceptions (10 events):
Event: 7.222 Thread 0x00000000580f4000 Exception <a 'java/lang/ClassNotFoundException': org/gradle/api/internal/project/DefaultProjectBeanInfo> (0x00000000ee0a35c8) thrown at [C:\re\workspace\8-2-build-windows-amd64-cygwin\jdk8u91\6644\hotspot\src\share\vm\classfile\systemDictionary.cpp, line 2âÇ/jDè@
Event: 7.227 Thread 0x00000000580f4000 Exception <a 'java/lang/ClassNotFoundException': org/gradle/api/internal/project/AbstractPluginAwareBeanInfo> (0x00000000ee0c9bc8) thrown at [C:\re\workspace\8-2-build-windows-amd64-cygwin\jdk8u91\6644\hotspot\src\share\vm\classfile\systemDictionary.cpp, làk¯ÛTê@
Event: 7.229 Thread 0x00000000580f4000 Exception <a 'java/lang/ClassNotFoundException': org/gradle/api/internal/project/AbstractPluginAwareCustomizer> (0x00000000ee0f0a48) thrown at [C:\re\workspace\8-2-build-windows-amd64-cygwin\jdk8u91\6644\hotspot\src\share\vm\classfile\systemDictionary.cpp,€1k.§î@
Event: 7.233 Thread 0x00000000580f4000 Exception <a 'java/lang/ClassNotFoundException': org/gradle/api/internal/project/DefaultProjectCustomizer> (0x00000000ee11b5e8) thrown at [C:\re\workspace\8-2-build-windows-amd64-cygwin\jdk8u91\6644\hotspot\src\share\vm\classfile\systemDictionary.cpp, lineg4J§@
Event: 7.267 Thread 0x00000000580f4000 Exception <a 'java/lang/ClassNotFoundException': org/gradle/api/internal/project/DefaultProject_DecoratedCustomizer> (0x00000000ee1f6298) thrown at [C:\re\workspace\8-2-build-windows-amd64-cygwin\jdk8u91\6644\hotspot\src\share\vm\classfile\systemDictionary¦-£é(@
Event: 7.290 Thread 0x00000000580f4000 Exception <a 'java/lang/ClassNotFoundException': org/codehaus/groovy/runtime/GStringImplBeanInfo> (0x00000000ee405698) thrown at [C:\re\workspace\8-2-build-windows-amd64-cygwin\jdk8u91\6644\hotspot\src\share\vm\classfile\systemDictionary.cpp, line 210]
Event: 7.291 Thread 0x00000000580f4000 Exception <a 'java/lang/ClassNotFoundException': org/codehaus/groovy/runtime/GStringImplCustomizer> (0x00000000ee425c10) thrown at [C:\re\workspace\8-2-build-windows-amd64-cygwin\jdk8u91\6644\hotspot\src\share\vm\classfile\systemDictionary.cpp, line 210]
Event: 7.315 Thread 0x00000000580f4000 Exception <a 'java/lang/ClassNotFoundException': java/lang/StringBeanInfo> (0x00000000ee4b0290) thrown at [C:\re\workspace\8-2-build-windows-amd64-cygwin\jdk8u91\6644\hotspot\src\share\vm\classfile\systemDictionary.cpp, line 210]
Event: 7.315 Thread 0x00000000580f4000 Exception <a 'java/lang/ClassNotFoundException': java/lang/StringCustomizer> (0x00000000ee4b3140) thrown at [C:\re\workspace\8-2-build-windows-amd64-cygwin\jdk8u91\6644\hotspot\src\share\vm\classfile\systemDictionary.cpp, line 210]
Event: 7.713 Thread 0x00000000580f4000 Implicit null exception at 0x0000000002d86797 to 0x0000000002d86c39

Events (10 events):
Event: 8.442 Thread 0x00000000580f4000 DEOPT PACKING pc=0x0000000002b310f3 sp=0x000000005a9c9e30
Event: 8.442 Thread 0x00000000580f4000 DEOPT UNPACKING pc=0x00000000028a787f sp=0x000000005a9c9c30 mode 0
Event: 8.489 Thread 0x00000000580f4000 Uncommon trap: trap_request=0xffffff65 fr.pc=0x0000000003203558
Event: 8.489 Thread 0x00000000580f4000 DEOPT PACKING pc=0x0000000003203558 sp=0x000000005a9ca160
Event: 8.489 Thread 0x00000000580f4000 DEOPT UNPACKING pc=0x00000000028a582a sp=0x000000005a9ca150 mode 2
Event: 8.613 Thread 0x00000000580f4000 DEOPT PACKING pc=0x0000000002cabea5 sp=0x000000005a9cb8a0
Event: 8.613 Thread 0x00000000580f4000 DEOPT UNPACKING pc=0x00000000028a787f sp=0x000000005a9cb658 mode 0
Event: 8.656 Thread 0x00000000580f4000 Uncommon trap: trap_request=0xffffff65 fr.pc=0x0000000003258634
Event: 8.656 Thread 0x00000000580f4000 DEOPT PACKING pc=0x0000000003258634 sp=0x000000005a9cb890
Event: 8.656 Thread 0x00000000580f4000 DEOPT UNPACKING pc=0x00000000028a582a sp=0x000000005a9cb838 mode 2


Dynamic libraries:
0x000000013f050000 - 0x000000013f087000 	C:\Program Files\Java\jdk1.8.0_91\bin\java.exe
0x0000000077070000 - 0x000000007720f000 	C:\Windows\SYSTEM32\ntdll.dll
0x0000000076e50000 - 0x0000000076f6f000 	C:\Windows\system32\kernel32.dll
0x000007fefcd70000 - 0x000007fefcdda000 	C:\Windows\system32\KERNELBASE.dll
0x000007fefe7e0000 - 0x000007fefe8bb000 	C:\Windows\system32\ADVAPI32.dll
0x000007fefec20000 - 0x000007fefecbf000 	C:\Windows\system32\msvcrt.dll
0x000007fefe8c0000 - 0x000007fefe8df000 	C:\Windows\SYSTEM32\sechost.dll
0x000007fefe960000 - 0x000007fefea8d000 	C:\Windows\system32\RPCRT4.dll
0x0000000076f70000 - 0x000000007706a000 	C:\Windows\system32\USER32.dll
0x000007feff270000 - 0x000007feff2d7000 	C:\Windows\system32\GDI32.dll
0x000007fefecc0000 - 0x000007fefecce000 	C:\Windows\system32\LPK.dll
0x000007fefd140000 - 0x000007fefd20b000 	C:\Windows\system32\USP10.dll
0x000007fefb610000 - 0x000007fefb804000 	C:\Windows\WinSxS\amd64_microsoft.windows.common-controls_6595b64144ccf1df_6.0.7601.18837_none_fa3b1e3d17594757\COMCTL32.dll
0x000007feff2e0000 - 0x000007feff351000 	C:\Windows\system32\SHLWAPI.dll
0x000007fefd110000 - 0x000007fefd13e000 	C:\Windows\system32\IMM32.DLL
0x000007fefe6d0000 - 0x000007fefe7d9000 	C:\Windows\system32\MSCTF.dll
0x0000000071d70000 - 0x0000000071e42000 	C:\Program Files\Java\jdk1.8.0_91\jre\bin\msvcr100.dll
0x0000000069ec0000 - 0x000000006a753000 	C:\Program Files\Java\jdk1.8.0_91\jre\bin\server\jvm.dll
0x000007fef6710000 - 0x000007fef6719000 	C:\Windows\system32\WSOCK32.dll
0x000007feff220000 - 0x000007feff26d000 	C:\Windows\system32\WS2_32.dll
0x000007fefd100000 - 0x000007fefd108000 	C:\Windows\system32\NSI.dll
0x000007fef70c0000 - 0x000007fef70fb000 	C:\Windows\system32\WINMM.dll
0x000007fefbe20000 - 0x000007fefbe2c000 	C:\Windows\system32\VERSION.dll
0x0000000077220000 - 0x0000000077227000 	C:\Windows\system32\PSAPI.DLL
0x0000000073100000 - 0x000000007310f000 	C:\Program Files\Java\jdk1.8.0_91\jre\bin\verify.dll
0x000000006f790000 - 0x000000006f7b9000 	C:\Program Files\Java\jdk1.8.0_91\jre\bin\java.dll
0x000000006f770000 - 0x000000006f786000 	C:\Program Files\Java\jdk1.8.0_91\jre\bin\zip.dll
0x000007fefd2d0000 - 0x000007fefe05b000 	C:\Windows\system32\SHELL32.dll
0x000007fefe0c0000 - 0x000007fefe2bd000 	C:\Windows\system32\ole32.dll
0x000007fefcd40000 - 0x000007fefcd4f000 	C:\Windows\system32\profapi.dll
0x000000006f750000 - 0x000000006f76a000 	C:\Program Files\Java\jdk1.8.0_91\jre\bin\net.dll
0x000007fefc4d0000 - 0x000007fefc525000 	C:\Windows\system32\mswsock.dll
0x000007fefc4c0000 - 0x000007fefc4c7000 	C:\Windows\System32\wship6.dll
0x000000006f5e0000 - 0x000000006f5f1000 	C:\Program Files\Java\jdk1.8.0_91\jre\bin\nio.dll
0x000007fef40f0000 - 0x000007fef410e000 	C:\Users\Lenovo\.gradle\native\25\windows-amd64\native-platform.dll
0x000007fefc530000 - 0x000007fefc548000 	C:\Windows\system32\CRYPTSP.dll
0x000007fefc230000 - 0x000007fefc277000 	C:\Windows\system32\rsaenh.dll
0x000007fefcde0000 - 0x000007fefcdfe000 	C:\Windows\system32\USERENV.dll
0x000007fefcba0000 - 0x000007fefcbaf000 	C:\Windows\system32\CRYPTBASE.dll
0x000007fefa270000 - 0x000007fefa297000 	C:\Windows\system32\IPHLPAPI.DLL
0x000007fefa260000 - 0x000007fefa26b000 	C:\Windows\system32\WINNSI.DLL
0x000007fef98a0000 - 0x000007fef98b8000 	C:\Windows\system32\dhcpcsvc.DLL
0x000007fef9880000 - 0x000007fef9891000 	C:\Windows\system32\dhcpcsvc6.DLL
0x000000006f740000 - 0x000000006f74d000 	C:\Program Files\Java\jdk1.8.0_91\jre\bin\management.dll
0x000007fef7c10000 - 0x000007fef7d35000 	C:\Windows\system32\dbghelp.dll

VM Arguments:
jvm_args: -XX:MaxPermSize=256m -XX:+HeapDumpOnOutOfMemoryError -Xmx1024m -Dfile.encoding=windows-1252 -Duser.country=US -Duser.language=en -Duser.variant 
java_command: org.gradle.launcher.daemon.bootstrap.GradleDaemon 3.5
java_class_path (initial): C:\Users\Lenovo\.gradle\wrapper\dists\gradle-3.5-bin\daoimhu7k5rlo48ntmxw2ok3e\gradle-3.5\lib\gradle-launcher-3.5.jar
Launcher Type: SUN_STANDARD

Environment Variables:
JAVA_HOME=C:\Program Files\Java\jdk1.8.0_91
PATH=C:\Program Files\ConEmu;C:\Program Files\ConEmu\ConEmu;C:\Program Files (x86)\Common Files\Oracle\Java\javapath;C:\Program Files\Haskell\bin;C:\Program Files\Haskell Platform\8.2.2\lib\extralibs\bin;C:\Program Files\Haskell Platform\8.2.2\bin;C:\ProgramData\Oracle\Java\javapath;C:\Windows\system32;C:\Windows;C:\Windows\System32\Wbem;C:\Windows\System32\WindowsPowerShell\v1.0\;%NODE_PATH%;%AppData%\npm\node_modules\stylus\bin;C:\Program Files\Java\jdk1.8.0_60\bin;C:\HashiCorp\Vagrant\bin;C:\Program Files (x86)\Microsoft SDKs\TypeScript\1.0\;C:\Program Files\Sublime Text 3;C:\Program Files\Microsoft SQL Server\Client SDK\ODBC\110\Tools\Binn\;C:\Program Files (x86)\Microsoft SQL Server\120\Tools\Binn\;C:\Program Files\Microsoft SQL Server\120\Tools\Binn\;C:\Program Files\Microsoft SQL Server\120\DTS\Binn\;C:\Program Files\MySQL\MySQL Server 5.7\bin;C:\MinGW\bin\;C:\gradle-4.2.1\bin;C:\Program Files\MySQL\MySQL Utilities 1.6\;D:\Programas\cURL\src;C:\Program Files\MATLAB\R2010a\runtime\win64;C:\Program Files\MATLAB\R2010a\bin;C:\Program Files\Java\jdk1.7.0_80\bin;C:\Program Files\Java\jdk1.8.0_91\bin;C:\Program Files\nodejs\;C:\Program Files (x86)\Skype\Phone\;C:\Program Files\Haskell Platform\8.2.2\mingw\bin;C:\Program Files\Git\cmd;C:\grails-3.3.5\bin;C:\Program Files (x86)\Fuse\;C:\Users\Lenovo\AppData\Roaming\cabal\bin;C:\Users\Lenovo\AppData\Roaming\local\bin;C:\Users\Lenovo\AppData\Local\Programs\Python\Python36\Scripts\;C:\Users\Lenovo\AppData\Local\Programs\Python\Python36\;C:\Ruby23-x64\bin;C:\Users\Lenovo\AppData\Local\.meteor;C:\ProgramData\chocolatey\bin;C:\Users\Lenovo\AppData\Local\.meteor\;C:\Users\Lenovo\AppData\Local\atom\bin;C:\Users\Lenovo\AppData\Local\Fusetools\Fuse\App\Bin;C:\Program Files\Java\jdk1.7.0_80\bin;C:\Users\Lenovo\AppData\Roaming\npm;C:\Program Files\heroku\bin
USERNAME=Lenovo
OS=Windows_NT
PROCESSOR_IDENTIFIER=Intel64 Family 6 Model 42 Stepping 7, GenuineIntel



---------------  S Y S T E M  ---------------

OS: Windows 7 , 64 bit Build 7601 (6.1.7601.24000)

CPU:total 4 (2 cores per cpu, 2 threads per core) family 6 model 42 stepping 7, cmov, cx8, fxsr, mmx, sse, sse2, sse3, ssse3, sse4.1, sse4.2, popcnt, avx, aes, clmul, ht, tsc, tscinvbit

Memory: 4k page, physical 4136816k(747792k free), swap 8271756k(3472916k free)

vm_info: Java HotSpot(TM) 64-Bit Server VM (25.91-b14) for windows-amd64 JRE (1.8.0_91-b14), built on Apr  1 2016 00:58:32 by "java_re" with MS VC++ 10.0 (VS2010)

time: Sat Jun 09 22:58:05 2018
elapsed time: 8 seconds (0d 0h 0m 8s)

